 2024-06-26 17:19:16,783 : INFO : TestAddToCart : test_add_product_to_cart : 20 : ******************** Add Product to Cart Test **************************
 2024-06-26 17:19:23,158 : INFO : TestAddToCart : test_add_product_to_cart : 41 : ****************** Product Added to Cart Successfully ************************
 2024-06-26 17:19:51,318 : INFO : Test_002 : test_login_with_valid_credentials : 22 : ******************** test_login_with_valid_credentials test start **************************
 2024-06-26 17:19:51,318 : INFO : Test_002 : test_login_with_valid_credentials : 23 : ******************** Verifying Login Test with Valid Credentials **************************
 2024-06-26 17:19:54,409 : INFO : Test_002 : test_login_with_valid_credentials : 39 : ****************** Login Test with Valid Credentials is Passed ************************
 2024-06-26 17:19:58,017 : INFO : Test_002 : test_login_with_invalid_credentials : 50 : ******************** test_login_with_invalid_credentials test start **************************
 2024-06-26 17:19:58,017 : INFO : Test_002 : test_login_with_invalid_credentials : 51 : ******************** Verifying Login Test with Invalid Credentials **************************
 2024-06-26 17:20:03,407 : INFO : Test_002 : test_login_with_invalid_credentials : 68 : ****************** Login Test with Invalid Credentials is Passed ************************
 2024-06-26 17:20:05,072 : INFO : Test_1 : test_signUpNewUser_001 : 23 : ************************** test_signUpNewUser_001 *******************************
 2024-06-26 17:20:05,072 : INFO : Test_1 : test_signUpNewUser_001 : 23 : ************************** test_signUpNewUser_001 *******************************
 2024-06-26 17:20:05,078 : INFO : Test_1 : test_signUpNewUser_001 : 24 : ******************** Verifying Sign Up with New User ***********************
 2024-06-26 17:20:05,078 : INFO : Test_1 : test_signUpNewUser_001 : 24 : ******************** Verifying Sign Up with New User ***********************
 2024-06-26 17:20:06,220 : INFO : Test_1 : test_signUpNewUser_001 : 35 : Waiting for Sign Up button to be clickable
 2024-06-26 17:20:06,220 : INFO : Test_1 : test_signUpNewUser_001 : 35 : Waiting for Sign Up button to be clickable
 2024-06-26 17:20:06,310 : INFO : Test_1 : test_signUpNewUser_001 : 39 : Clicked on Sign Up button
 2024-06-26 17:20:06,310 : INFO : Test_1 : test_signUpNewUser_001 : 39 : Clicked on Sign Up button
 2024-06-26 17:20:06,310 : INFO : Test_1 : test_signUpNewUser_001 : 41 : Waiting for Username textbox to be visible
 2024-06-26 17:20:06,310 : INFO : Test_1 : test_signUpNewUser_001 : 41 : Waiting for Username textbox to be visible
 2024-06-26 17:20:06,931 : INFO : Test_1 : test_signUpNewUser_001 : 45 : Entered username: user1719402606
 2024-06-26 17:20:06,931 : INFO : Test_1 : test_signUpNewUser_001 : 45 : Entered username: user1719402606
 2024-06-26 17:20:06,931 : INFO : Test_1 : test_signUpNewUser_001 : 47 : Waiting for Password textbox to be visible
 2024-06-26 17:20:06,931 : INFO : Test_1 : test_signUpNewUser_001 : 47 : Waiting for Password textbox to be visible
 2024-06-26 17:20:07,015 : INFO : Test_1 : test_signUpNewUser_001 : 51 : Entered password
 2024-06-26 17:20:07,015 : INFO : Test_1 : test_signUpNewUser_001 : 51 : Entered password
 2024-06-26 17:20:07,015 : INFO : Test_1 : test_signUpNewUser_001 : 53 : Waiting for Register button to be clickable
 2024-06-26 17:20:07,015 : INFO : Test_1 : test_signUpNewUser_001 : 53 : Waiting for Register button to be clickable
 2024-06-26 17:20:07,054 : INFO : Test_1 : test_signUpNewUser_001 : 57 : Clicked on Register button
 2024-06-26 17:20:07,054 : INFO : Test_1 : test_signUpNewUser_001 : 57 : Clicked on Register button
 2024-06-26 17:20:07,054 : INFO : Test_1 : test_signUpNewUser_001 : 60 : Checking for alert presence
 2024-06-26 17:20:07,054 : INFO : Test_1 : test_signUpNewUser_001 : 60 : Checking for alert presence
 2024-06-26 17:20:08,575 : INFO : Test_1 : test_signUpNewUser_001 : 64 : Alert text: Sign up successful.
 2024-06-26 17:20:08,575 : INFO : Test_1 : test_signUpNewUser_001 : 64 : Alert text: Sign up successful.
 2024-06-26 17:20:08,599 : INFO : Test_1 : test_signUpNewUser_001 : 66 : Accepted the alert
 2024-06-26 17:20:08,599 : INFO : Test_1 : test_signUpNewUser_001 : 66 : Accepted the alert
 2024-06-26 17:20:08,708 : INFO : Test_1 : test_signUpNewUser_001 : 72 : Validating the page title
 2024-06-26 17:20:08,708 : INFO : Test_1 : test_signUpNewUser_001 : 72 : Validating the page title
 2024-06-26 17:20:08,717 : INFO : Test_1 : test_signUpNewUser_001 : 74 : Page title validated successfully
 2024-06-26 17:20:08,717 : INFO : Test_1 : test_signUpNewUser_001 : 74 : Page title validated successfully
 2024-06-26 17:20:08,717 : INFO : Test_1 : test_signUpNewUser_001 : 76 : ************** Test Sign Up with New User is Passed ********************
 2024-06-26 17:20:08,717 : INFO : Test_1 : test_signUpNewUser_001 : 76 : ************** Test Sign Up with New User is Passed ********************
 2024-06-26 17:20:12,430 : INFO : Test_1 : test_signUpWithExistingUser_002 : 90 : ************************** test_signUpWithExistingUser_002 *******************************
 2024-06-26 17:20:12,430 : INFO : Test_1 : test_signUpWithExistingUser_002 : 90 : ************************** test_signUpWithExistingUser_002 *******************************
 2024-06-26 17:20:12,430 : INFO : Test_1 : test_signUpWithExistingUser_002 : 91 : ******************** Verifying Sign Up with Existing User ***********************
 2024-06-26 17:20:12,430 : INFO : Test_1 : test_signUpWithExistingUser_002 : 91 : ******************** Verifying Sign Up with Existing User ***********************
 2024-06-26 17:20:13,173 : INFO : Test_1 : test_signUpWithExistingUser_002 : 98 : Waiting for Sign Up button to be clickable
 2024-06-26 17:20:13,173 : INFO : Test_1 : test_signUpWithExistingUser_002 : 98 : Waiting for Sign Up button to be clickable
 2024-06-26 17:20:14,478 : INFO : Test_1 : test_signUpWithExistingUser_002 : 102 : Clicked on Sign Up button
 2024-06-26 17:20:14,478 : INFO : Test_1 : test_signUpWithExistingUser_002 : 102 : Clicked on Sign Up button
 2024-06-26 17:20:14,478 : INFO : Test_1 : test_signUpWithExistingUser_002 : 104 : Waiting for Username textbox to be visible
 2024-06-26 17:20:14,478 : INFO : Test_1 : test_signUpWithExistingUser_002 : 104 : Waiting for Username textbox to be visible
 2024-06-26 17:20:15,115 : INFO : Test_1 : test_signUpWithExistingUser_002 : 108 : Entered username: test190@gmail.com
 2024-06-26 17:20:15,115 : INFO : Test_1 : test_signUpWithExistingUser_002 : 108 : Entered username: test190@gmail.com
 2024-06-26 17:20:15,115 : INFO : Test_1 : test_signUpWithExistingUser_002 : 110 : Waiting for Password textbox to be visible
 2024-06-26 17:20:15,115 : INFO : Test_1 : test_signUpWithExistingUser_002 : 110 : Waiting for Password textbox to be visible
 2024-06-26 17:20:15,253 : INFO : Test_1 : test_signUpWithExistingUser_002 : 114 : Entered password
 2024-06-26 17:20:15,253 : INFO : Test_1 : test_signUpWithExistingUser_002 : 114 : Entered password
 2024-06-26 17:20:15,253 : INFO : Test_1 : test_signUpWithExistingUser_002 : 116 : Waiting for Register button to be clickable
 2024-06-26 17:20:15,253 : INFO : Test_1 : test_signUpWithExistingUser_002 : 116 : Waiting for Register button to be clickable
 2024-06-26 17:20:15,310 : INFO : Test_1 : test_signUpWithExistingUser_002 : 120 : Clicked on Register button
 2024-06-26 17:20:15,310 : INFO : Test_1 : test_signUpWithExistingUser_002 : 120 : Clicked on Register button
 2024-06-26 17:20:15,310 : INFO : Test_1 : test_signUpWithExistingUser_002 : 123 : Checking for alert presence
 2024-06-26 17:20:15,310 : INFO : Test_1 : test_signUpWithExistingUser_002 : 123 : Checking for alert presence
 2024-06-26 17:20:16,316 : INFO : Test_1 : test_signUpWithExistingUser_002 : 127 : Alert text: This user already exist.
 2024-06-26 17:20:16,316 : INFO : Test_1 : test_signUpWithExistingUser_002 : 127 : Alert text: This user already exist.
 2024-06-26 17:20:16,326 : INFO : Test_1 : test_signUpWithExistingUser_002 : 129 : Accepted the alert
 2024-06-26 17:20:16,326 : INFO : Test_1 : test_signUpWithExistingUser_002 : 129 : Accepted the alert
 2024-06-26 17:20:16,477 : INFO : Test_1 : test_signUpWithExistingUser_002 : 135 : Validating the page title
 2024-06-26 17:20:16,477 : INFO : Test_1 : test_signUpWithExistingUser_002 : 135 : Validating the page title
 2024-06-26 17:20:16,477 : INFO : Test_1 : test_signUpWithExistingUser_002 : 137 : Page title validated successfully
 2024-06-26 17:20:16,477 : INFO : Test_1 : test_signUpWithExistingUser_002 : 137 : Page title validated successfully
 2024-06-26 17:20:16,477 : INFO : Test_1 : test_signUpWithExistingUser_002 : 139 : ************** Test Sign Up with Existing User is Passed ********************
 2024-06-26 17:20:16,477 : INFO : Test_1 : test_signUpWithExistingUser_002 : 139 : ************** Test Sign Up with Existing User is Passed ********************
 2024-06-26 17:20:20,228 : INFO : TestCheckoutProcess : test_checkout_positive_scenario : 22 : ******************** Checkout Positive Scenario Test **************************
 2024-06-26 17:20:54,359 : INFO : TestCheckoutProcess : test_checkout_negative_scenario : 63 : ******************** Checkout Negative Scenario Test **************************
 2024-06-26 17:20:57,739 : INFO : TestCheckoutProcess : test_checkout_negative_scenario : 83 : ****************** Checkout Negative Scenario Test Passed ************************
 2024-06-26 17:21:21,790 : INFO : TestLoginDDT : test_login_with_data : 26 : ******************** test_login_with_data test start **************************
 2024-06-26 17:21:21,790 : INFO : TestLoginDDT : test_login_with_data : 27 : Username: test190@gmail.com, Password: Test@123, Expected Result: Pass
 2024-06-26 17:21:34,379 : INFO : TestLoginDDT : test_login_with_data : 52 : ****************** Login Test Passed ************************
 2024-06-26 17:22:03,540 : INFO : TestLoginDDT : test_login_with_data : 26 : ******************** test_login_with_data test start **************************
 2024-06-26 17:22:03,540 : INFO : TestLoginDDT : test_login_with_data : 27 : Username: test190@gmail.com, Password: Test@1234, Expected Result: Fail
 2024-06-26 17:22:07,396 : INFO : TestLoginDDT : test_login_with_data : 41 : Alert accepted for invalid login attempt.
 2024-06-26 17:22:07,396 : INFO : TestLoginDDT : test_login_with_data : 43 : ****************** Login Test Failed as Expected ************************
 2024-06-26 17:22:31,553 : INFO : Test_003 : test_logout : 22 : ******************** test_logout test start **************************
 2024-06-26 17:22:31,555 : INFO : Test_003 : test_logout : 24 : ******************** Verifying Login Test with Valid Credentials **************************
 2024-06-26 17:22:34,467 : INFO : Test_003 : test_logout : 39 : ****************** Login Test with Valid Credentials is Passed ************************
 2024-06-26 17:22:34,467 : INFO : Test_003 : test_logout : 41 : ******************** Verifying Logout Process **************************
 2024-06-26 17:22:38,966 : INFO : Test_003 : test_logout : 51 : ****************** Logout Test is Passed ************************
 2024-06-26 17:28:03,532 : INFO : Test_002 : test_login_with_invalid_credentials : 50 : ******************** test_login_with_invalid_credentials test start **************************
 2024-06-26 17:28:03,535 : INFO : Test_002 : test_login_with_invalid_credentials : 51 : ******************** Verifying Login Test with Invalid Credentials **************************
 2024-06-26 17:28:03,596 : INFO : TestAddToCart : test_add_product_to_cart : 20 : ******************** Add Product to Cart Test **************************
 2024-06-26 17:28:08,714 : INFO : Test_002 : test_login_with_invalid_credentials : 68 : ****************** Login Test with Invalid Credentials is Passed ************************
 2024-06-26 17:28:09,555 : INFO : TestAddToCart : test_add_product_to_cart : 41 : ****************** Product Added to Cart Successfully ************************
 2024-06-26 17:28:10,396 : INFO : Test_1 : test_signUpNewUser_001 : 23 : ************************** test_signUpNewUser_001 *******************************
 2024-06-26 17:28:10,396 : INFO : Test_1 : test_signUpNewUser_001 : 23 : ************************** test_signUpNewUser_001 *******************************
 2024-06-26 17:28:10,396 : INFO : Test_1 : test_signUpNewUser_001 : 24 : ******************** Verifying Sign Up with New User ***********************
 2024-06-26 17:28:10,396 : INFO : Test_1 : test_signUpNewUser_001 : 24 : ******************** Verifying Sign Up with New User ***********************
 2024-06-26 17:28:10,857 : INFO : Test_1 : test_signUpNewUser_001 : 35 : Waiting for Sign Up button to be clickable
 2024-06-26 17:28:10,857 : INFO : Test_1 : test_signUpNewUser_001 : 35 : Waiting for Sign Up button to be clickable
 2024-06-26 17:28:11,836 : INFO : Test_1 : test_signUpNewUser_001 : 39 : Clicked on Sign Up button
 2024-06-26 17:28:11,836 : INFO : Test_1 : test_signUpNewUser_001 : 39 : Clicked on Sign Up button
 2024-06-26 17:28:11,836 : INFO : Test_1 : test_signUpNewUser_001 : 41 : Waiting for Username textbox to be visible
 2024-06-26 17:28:11,836 : INFO : Test_1 : test_signUpNewUser_001 : 41 : Waiting for Username textbox to be visible
 2024-06-26 17:28:12,485 : INFO : Test_1 : test_signUpNewUser_001 : 45 : Entered username: user1719403090
 2024-06-26 17:28:12,485 : INFO : Test_1 : test_signUpNewUser_001 : 45 : Entered username: user1719403090
 2024-06-26 17:28:12,485 : INFO : Test_1 : test_signUpNewUser_001 : 47 : Waiting for Password textbox to be visible
 2024-06-26 17:28:12,485 : INFO : Test_1 : test_signUpNewUser_001 : 47 : Waiting for Password textbox to be visible
 2024-06-26 17:28:12,570 : INFO : Test_1 : test_signUpNewUser_001 : 51 : Entered password
 2024-06-26 17:28:12,570 : INFO : Test_1 : test_signUpNewUser_001 : 51 : Entered password
 2024-06-26 17:28:12,570 : INFO : Test_1 : test_signUpNewUser_001 : 53 : Waiting for Register button to be clickable
 2024-06-26 17:28:12,570 : INFO : Test_1 : test_signUpNewUser_001 : 53 : Waiting for Register button to be clickable
 2024-06-26 17:28:12,613 : INFO : Test_1 : test_signUpNewUser_001 : 57 : Clicked on Register button
 2024-06-26 17:28:12,613 : INFO : Test_1 : test_signUpNewUser_001 : 57 : Clicked on Register button
 2024-06-26 17:28:12,613 : INFO : Test_1 : test_signUpNewUser_001 : 60 : Checking for alert presence
 2024-06-26 17:28:12,613 : INFO : Test_1 : test_signUpNewUser_001 : 60 : Checking for alert presence
 2024-06-26 17:28:13,627 : INFO : Test_1 : test_signUpNewUser_001 : 64 : Alert text: Sign up successful.
 2024-06-26 17:28:13,627 : INFO : Test_1 : test_signUpNewUser_001 : 64 : Alert text: Sign up successful.
 2024-06-26 17:28:13,627 : INFO : Test_1 : test_signUpNewUser_001 : 66 : Accepted the alert
 2024-06-26 17:28:13,627 : INFO : Test_1 : test_signUpNewUser_001 : 66 : Accepted the alert
 2024-06-26 17:28:13,811 : INFO : Test_1 : test_signUpNewUser_001 : 72 : Validating the page title
 2024-06-26 17:28:13,811 : INFO : Test_1 : test_signUpNewUser_001 : 72 : Validating the page title
 2024-06-26 17:28:13,816 : INFO : Test_1 : test_signUpNewUser_001 : 74 : Page title validated successfully
 2024-06-26 17:28:13,816 : INFO : Test_1 : test_signUpNewUser_001 : 74 : Page title validated successfully
 2024-06-26 17:28:13,816 : INFO : Test_1 : test_signUpNewUser_001 : 76 : ************** Test Sign Up with New User is Passed ********************
 2024-06-26 17:28:13,816 : INFO : Test_1 : test_signUpNewUser_001 : 76 : ************** Test Sign Up with New User is Passed ********************
 2024-06-26 17:28:17,497 : INFO : Test_1 : test_signUpWithExistingUser_002 : 90 : ************************** test_signUpWithExistingUser_002 *******************************
 2024-06-26 17:28:17,497 : INFO : Test_1 : test_signUpWithExistingUser_002 : 90 : ************************** test_signUpWithExistingUser_002 *******************************
 2024-06-26 17:28:17,497 : INFO : Test_1 : test_signUpWithExistingUser_002 : 91 : ******************** Verifying Sign Up with Existing User ***********************
 2024-06-26 17:28:17,497 : INFO : Test_1 : test_signUpWithExistingUser_002 : 91 : ******************** Verifying Sign Up with Existing User ***********************
 2024-06-26 17:28:19,795 : INFO : Test_1 : test_signUpWithExistingUser_002 : 98 : Waiting for Sign Up button to be clickable
 2024-06-26 17:28:19,795 : INFO : Test_1 : test_signUpWithExistingUser_002 : 98 : Waiting for Sign Up button to be clickable
 2024-06-26 17:28:19,843 : INFO : Test_1 : test_signUpWithExistingUser_002 : 102 : Clicked on Sign Up button
 2024-06-26 17:28:19,843 : INFO : Test_1 : test_signUpWithExistingUser_002 : 102 : Clicked on Sign Up button
 2024-06-26 17:28:19,843 : INFO : Test_1 : test_signUpWithExistingUser_002 : 104 : Waiting for Username textbox to be visible
 2024-06-26 17:28:19,843 : INFO : Test_1 : test_signUpWithExistingUser_002 : 104 : Waiting for Username textbox to be visible
 2024-06-26 17:28:20,481 : INFO : Test_1 : test_signUpWithExistingUser_002 : 108 : Entered username: test190@gmail.com
 2024-06-26 17:28:20,481 : INFO : Test_1 : test_signUpWithExistingUser_002 : 108 : Entered username: test190@gmail.com
 2024-06-26 17:28:20,481 : INFO : Test_1 : test_signUpWithExistingUser_002 : 110 : Waiting for Password textbox to be visible
 2024-06-26 17:28:20,481 : INFO : Test_1 : test_signUpWithExistingUser_002 : 110 : Waiting for Password textbox to be visible
 2024-06-26 17:28:20,564 : INFO : Test_1 : test_signUpWithExistingUser_002 : 114 : Entered password
 2024-06-26 17:28:20,564 : INFO : Test_1 : test_signUpWithExistingUser_002 : 114 : Entered password
 2024-06-26 17:28:20,564 : INFO : Test_1 : test_signUpWithExistingUser_002 : 116 : Waiting for Register button to be clickable
 2024-06-26 17:28:20,564 : INFO : Test_1 : test_signUpWithExistingUser_002 : 116 : Waiting for Register button to be clickable
 2024-06-26 17:28:20,622 : INFO : Test_1 : test_signUpWithExistingUser_002 : 120 : Clicked on Register button
 2024-06-26 17:28:20,622 : INFO : Test_1 : test_signUpWithExistingUser_002 : 120 : Clicked on Register button
 2024-06-26 17:28:20,622 : INFO : Test_1 : test_signUpWithExistingUser_002 : 123 : Checking for alert presence
 2024-06-26 17:28:20,622 : INFO : Test_1 : test_signUpWithExistingUser_002 : 123 : Checking for alert presence
 2024-06-26 17:28:21,632 : INFO : Test_1 : test_signUpWithExistingUser_002 : 127 : Alert text: This user already exist.
 2024-06-26 17:28:21,632 : INFO : Test_1 : test_signUpWithExistingUser_002 : 127 : Alert text: This user already exist.
 2024-06-26 17:28:21,637 : INFO : Test_1 : test_signUpWithExistingUser_002 : 129 : Accepted the alert
 2024-06-26 17:28:21,637 : INFO : Test_1 : test_signUpWithExistingUser_002 : 129 : Accepted the alert
 2024-06-26 17:28:21,743 : INFO : Test_1 : test_signUpWithExistingUser_002 : 135 : Validating the page title
 2024-06-26 17:28:21,743 : INFO : Test_1 : test_signUpWithExistingUser_002 : 135 : Validating the page title
 2024-06-26 17:28:21,751 : INFO : Test_1 : test_signUpWithExistingUser_002 : 137 : Page title validated successfully
 2024-06-26 17:28:21,751 : INFO : Test_1 : test_signUpWithExistingUser_002 : 137 : Page title validated successfully
 2024-06-26 17:28:21,751 : INFO : Test_1 : test_signUpWithExistingUser_002 : 139 : ************** Test Sign Up with Existing User is Passed ********************
 2024-06-26 17:28:21,751 : INFO : Test_1 : test_signUpWithExistingUser_002 : 139 : ************** Test Sign Up with Existing User is Passed ********************
 2024-06-26 17:28:25,431 : INFO : TestCheckoutProcess : test_checkout_positive_scenario : 22 : ******************** Checkout Positive Scenario Test **************************
 2024-06-26 17:28:36,103 : INFO : Test_002 : test_login_with_valid_credentials : 22 : ******************** test_login_with_valid_credentials test start **************************
 2024-06-26 17:28:36,103 : INFO : Test_002 : test_login_with_valid_credentials : 23 : ******************** Verifying Login Test with Valid Credentials **************************
 2024-06-26 17:28:38,507 : INFO : Test_002 : test_login_with_valid_credentials : 39 : ****************** Login Test with Valid Credentials is Passed ************************
 2024-06-26 17:28:42,103 : INFO : TestLoginDDT : test_login_with_data : 26 : ******************** test_login_with_data test start **************************
 2024-06-26 17:28:42,103 : INFO : TestLoginDDT : test_login_with_data : 27 : Username: test190@gmail.com, Password: Test@123, Expected Result: Pass
 2024-06-26 17:28:55,295 : INFO : TestLoginDDT : test_login_with_data : 52 : ****************** Login Test Passed ************************
 2024-06-26 17:28:58,339 : INFO : TestCheckoutProcess : test_checkout_negative_scenario : 63 : ******************** Checkout Negative Scenario Test **************************
 2024-06-26 17:29:05,677 : INFO : TestCheckoutProcess : test_checkout_negative_scenario : 83 : ****************** Checkout Negative Scenario Test Passed ************************
 2024-06-26 17:29:27,448 : INFO : TestLoginDDT : test_login_with_data : 26 : ******************** test_login_with_data test start **************************
 2024-06-26 17:29:27,448 : INFO : TestLoginDDT : test_login_with_data : 27 : Username: test190@gmail.com, Password: Test@1234, Expected Result: Fail
 2024-06-26 17:29:29,749 : INFO : Test_003 : test_logout : 22 : ******************** test_logout test start **************************
 2024-06-26 17:29:29,749 : INFO : Test_003 : test_logout : 24 : ******************** Verifying Login Test with Valid Credentials **************************
 2024-06-26 17:29:32,076 : INFO : TestLoginDDT : test_login_with_data : 41 : Alert accepted for invalid login attempt.
 2024-06-26 17:29:32,076 : INFO : TestLoginDDT : test_login_with_data : 43 : ****************** Login Test Failed as Expected ************************
 2024-06-26 17:29:33,687 : INFO : Test_003 : test_logout : 39 : ****************** Login Test with Valid Credentials is Passed ************************
 2024-06-26 17:29:33,688 : INFO : Test_003 : test_logout : 41 : ******************** Verifying Logout Process **************************
 2024-06-26 17:29:36,823 : INFO : Test_003 : test_logout : 51 : ****************** Logout Test is Passed ************************
